<?xml version="1.0" encoding="UTF-8"?>
<!-- Generated by org.testng.reporters.JUnitXMLReporter -->
<testsuite ignored="6" hostname="DESKTOP-DTAMADI" failures="1" tests="1" name="Default test(failed)(failed)" time="9.23" errors="0" timestamp="2023-03-29T16:27:08 IST">
  <testcase classname="testCases.inventoryPageTest" name="verifyItemImageTest" time="0.117">
    <failure type="java.lang.AssertionError" message="expected [false] but found [true]">
      <![CDATA[java.lang.AssertionError: expected [false] but found [true]
at testCases.inventoryPageTest.verifyItemImageTest(inventoryPageTest.java:64)
at java.base/java.util.ArrayList.forEach(ArrayList.java:1511)
... Removed 32 stack frames]]>
    </failure>
  </testcase> <!-- verifyItemImageTest -->
  <testcase classname="testCases.inventoryPageTest" name="verifyItemTextTest" time="0.0">
    <ignored/>
  </testcase> <!-- verifyItemTextTest -->
  <testcase classname="testCases.inventoryPageTest" name="verifyAddToCartCountTest" time="0.0">
    <ignored/>
  </testcase> <!-- verifyAddToCartCountTest -->
  <testcase classname="testCases.inventoryPageTest" name="verifyRemoveCartCountTest" time="0.0">
    <ignored/>
  </testcase> <!-- verifyRemoveCartCountTest -->
  <testcase classname="testCases.inventoryPageTest" name="verifyProductLebalTest" time="0.0">
    <ignored/>
  </testcase> <!-- verifyProductLebalTest -->
  <testcase classname="testCases.inventoryPageTest" name="verifySelectListTest" time="0.0">
    <ignored/>
  </testcase> <!-- verifySelectListTest -->
  <testcase classname="testCases.inventoryPageTest" name="verifyFacebookLinkTest" time="0.0">
    <ignored/>
  </testcase> <!-- verifyFacebookLinkTest -->
</testsuite> <!-- Default test(failed)(failed) -->
