<?xml version="1.0" encoding="UTF-8"?>
<!-- Generated by org.testng.reporters.JUnitXMLReporter -->
<testsuite ignored="7" hostname="DESKTOP-DTAMADI" failures="1" tests="4" name="Test(failed)" time="34.802" errors="0" timestamp="2023-03-29T16:35:17 IST">
  <testcase classname="testCases.loginPageTest" name="verifyLoginLogoTest" time="1.003"/>
  <testcase classname="testCases.inventoryPageTest" name="verifySelectListTest" time="5.246">
    <failure type="java.lang.AssertionError" message="expected [Name (A to Z) Name (Z to A) Price (low to high) Price (high to low)] but found [Name (A to Z)
Name (Z to A)
Price (low to high)
Price (high to low)]">
      <![CDATA[java.lang.AssertionError: expected [Name (A to Z) Name (Z to A) Price (low to high) Price (high to low)] but found [Name (A to Z)
Name (Z to A)
Price (low to high)
Price (high to low)]
at testCases.inventoryPageTest.verifySelectListTest(inventoryPageTest.java:82)
at java.base/java.util.ArrayList.forEach(ArrayList.java:1511)
... Removed 32 stack frames]]>
    </failure>
  </testcase> <!-- verifySelectListTest -->
  <testcase classname="testCases.inventoryPageTest" name="verifyItemTextTest" time="0.167"/>
  <testcase classname="testCases.inventoryPageTest" name="verifyAddToCartCountTest" time="8.49"/>
  <testcase classname="testCases.loginPageTest" name="verifyLoginPageTitleTest" time="0.0">
    <ignored/>
  </testcase> <!-- verifyLoginPageTitleTest -->
  <testcase classname="testCases.loginPageTest" name="verifyLoginPageURLTest" time="0.0">
    <ignored/>
  </testcase> <!-- verifyLoginPageURLTest -->
  <testcase classname="testCases.inventoryPageTest" name="verifyRemoveCartCountTest" time="0.0">
    <ignored/>
  </testcase> <!-- verifyRemoveCartCountTest -->
  <testcase classname="testCases.inventoryPageTest" name="verifyProductLebalTest" time="0.0">
    <ignored/>
  </testcase> <!-- verifyProductLebalTest -->
  <testcase classname="testCases.inventoryPageTest" name="verifyFacebookLinkTest" time="0.0">
    <ignored/>
  </testcase> <!-- verifyFacebookLinkTest -->
  <testcase classname="testCases.loginPageTest" name="verifyLoginToTheAppTest" time="0.0">
    <ignored/>
  </testcase> <!-- verifyLoginToTheAppTest -->
  <testcase classname="testCases.inventoryPageTest" name="verifyItemImageTest" time="0.0">
    <ignored/>
  </testcase> <!-- verifyItemImageTest -->
</testsuite> <!-- Test(failed) -->
